\BOOKMARK [1][-]{section.1}{\376\377\000I\000n\000t\000r\000o\000d\000u\000c\000t\000i\000o\000n}{}% 1
\BOOKMARK [1][-]{section.2}{\376\377\000U\000p\000l\000o\000a\000d\000i\000n\000g\000\040\000C\000o\000d\000e\000\040\000t\000o\000\040\000A\000r\000d\000u\000i\000n\000o\000\040\000U\000s\000i\000n\000g\000\040\000E\000S\000P\0003\0002\000\040\000W\000i\000r\000e\000l\000e\000s\000s\000l\000y}{}% 2
\BOOKMARK [2][-]{subsection.2.1}{\376\377\000O\000v\000e\000r\000v\000i\000e\000w}{section.2}% 3
\BOOKMARK [2][-]{subsection.2.2}{\376\377\000H\000a\000r\000d\000w\000a\000r\000e\000\040\000C\000o\000n\000n\000e\000c\000t\000i\000o\000n\000s}{section.2}% 4
\BOOKMARK [3][-]{subsubsection.2.2.1}{\376\377\000P\000i\000n\000\040\000W\000i\000r\000i\000n\000g}{subsection.2.2}% 5
\BOOKMARK [3][-]{subsubsection.2.2.2}{\376\377\000V\000o\000l\000t\000a\000g\000e\000\040\000D\000i\000v\000i\000d\000e\000r}{subsection.2.2}% 6
\BOOKMARK [3][-]{subsubsection.2.2.3}{\376\377\000R\000e\000s\000e\000t\000\040\000C\000a\000p\000a\000c\000i\000t\000o\000r}{subsection.2.2}% 7
\BOOKMARK [2][-]{subsection.2.3}{\376\377\000E\000S\000P\0003\0002\000\040\000F\000i\000r\000m\000w\000a\000r\000e\000\040\000F\000l\000a\000s\000h\000i\000n\000g\000\040\000U\000s\000i\000n\000g\000\040\000A\000r\000d\000u\000i\000n\000o\000D\000r\000o\000i\000d}{section.2}% 8
\BOOKMARK [2][-]{subsection.2.4}{\376\377\000A\000r\000d\000u\000i\000n\000o\000\040\000P\000r\000o\000j\000e\000c\000t\000\040\000S\000e\000t\000u\000p}{section.2}% 9
\BOOKMARK [3][-]{subsubsection.2.4.1}{\376\377\000C\000r\000e\000a\000t\000e\000\040\000P\000r\000o\000j\000e\000c\000t}{subsection.2.4}% 10
\BOOKMARK [3][-]{subsubsection.2.4.2}{\376\377\000P\000l\000a\000t\000f\000o\000r\000m\000I\000O\000\040\000C\000o\000n\000f\000i\000g\000u\000r\000a\000t\000i\000o\000n}{subsection.2.4}% 11
\BOOKMARK [2][-]{subsection.2.5}{\376\377\000U\000p\000l\000o\000a\000d\000i\000n\000g\000\040\000F\000i\000r\000m\000w\000a\000r\000e\000\040\000W\000i\000r\000e\000l\000e\000s\000s\000l\000y}{section.2}% 12
\BOOKMARK [2][-]{subsection.2.6}{\376\377\000F\000i\000n\000d\000i\000n\000g\000\040\000t\000h\000e\000\040\000E\000S\000P\0003\0002\000\040\000I\000P\000\040\000A\000d\000d\000r\000e\000s\000s}{section.2}% 13
\BOOKMARK [2][-]{subsection.2.7}{\376\377\000T\000h\000e\000\040\000T\000i\000m\000i\000n\000g\000\040\000I\000s\000s\000u\000e}{section.2}% 14
\BOOKMARK [1][-]{section.3}{\376\377\000E\000S\000P\0003\0002\000-\000t\000o\000-\000E\000S\000P\0003\0002\000\040\000O\000T\000A\000\040\000F\000i\000r\000m\000w\000a\000r\000e\000\040\000U\000p\000d\000a\000t\000e\000s}{}% 15
\BOOKMARK [2][-]{subsection.3.1}{\376\377\000I\000n\000t\000r\000o\000d\000u\000c\000t\000i\000o\000n}{section.3}% 16
\BOOKMARK [2][-]{subsection.3.2}{\376\377\000S\000y\000s\000t\000e\000m\000\040\000A\000r\000c\000h\000i\000t\000e\000c\000t\000u\000r\000e}{section.3}% 17
\BOOKMARK [3][-]{subsubsection.3.2.1}{\376\377\000N\000e\000t\000w\000o\000r\000k\000\040\000T\000o\000p\000o\000l\000o\000g\000y}{subsection.3.2}% 18
\BOOKMARK [3][-]{subsubsection.3.2.2}{\376\377\000D\000a\000t\000a\000\040\000F\000l\000o\000w}{subsection.3.2}% 19
\BOOKMARK [2][-]{subsection.3.3}{\376\377\000I\000n\000i\000t\000i\000a\000l\000\040\000S\000e\000t\000u\000p}{section.3}% 20
\BOOKMARK [3][-]{subsubsection.3.3.1}{\376\377\000F\000l\000a\000s\000h\000\040\000E\000S\000P\0003\0002\000\040\000\043\0002\000\040\000\050\000R\000e\000c\000e\000i\000v\000e\000r\000\051\000\040\000v\000i\000a\000\040\000U\000S\000B}{subsection.3.3}% 21
\BOOKMARK [3][-]{subsubsection.3.3.2}{\376\377\000F\000l\000a\000s\000h\000\040\000E\000S\000P\0003\0002\000\040\000\043\0001\000\040\000\050\000S\000e\000n\000d\000e\000r\000\051\000\040\000v\000i\000a\000\040\000U\000S\000B}{subsection.3.3}% 22
\BOOKMARK [3][-]{subsubsection.3.3.3}{\376\377\000V\000e\000r\000i\000f\000y\000\040\000B\000o\000t\000h\000\040\000B\000o\000a\000r\000d\000s}{subsection.3.3}% 23
\BOOKMARK [2][-]{subsection.3.4}{\376\377\000R\000e\000p\000e\000a\000t\000a\000b\000l\000e\000\040\000U\000p\000d\000a\000t\000e\000\040\000W\000o\000r\000k\000f\000l\000o\000w}{section.3}% 24
\BOOKMARK [3][-]{subsubsection.3.4.1}{\376\377\000S\000t\000e\000p\000\040\0001\000\040\040\024\000\040\000C\000o\000m\000p\000i\000l\000e\000\040\000F\000i\000r\000m\000w\000a\000r\000e\000\040\000B\000i\000n\000a\000r\000y}{subsection.3.4}% 25
\BOOKMARK [3][-]{subsubsection.3.4.2}{\376\377\000S\000t\000e\000p\000\040\0002\000\040\040\024\000\040\000U\000p\000l\000o\000a\000d\000\040\000B\000i\000n\000a\000r\000y\000\040\000t\000o\000\040\000E\000S\000P\0003\0002\000\040\000\043\0001}{subsection.3.4}% 26
\BOOKMARK [3][-]{subsubsection.3.4.3}{\376\377\000S\000t\000e\000p\000\040\0003\000\040\040\024\000\040\000T\000r\000i\000g\000g\000e\000r\000\040\000O\000T\000A\000\040\000P\000u\000s\000h}{subsection.3.4}% 27
\BOOKMARK [3][-]{subsubsection.3.4.4}{\376\377\000S\000t\000e\000p\000\040\0004\000\040\040\024\000\040\000V\000e\000r\000i\000f\000y}{subsection.3.4}% 28
\BOOKMARK [2][-]{subsection.3.5}{\376\377\000G\000o\000l\000d\000e\000n\000\040\000R\000u\000l\000e}{section.3}% 29
\BOOKMARK [1][-]{section.4}{\376\377\000C\000o\000n\000c\000l\000u\000s\000i\000o\000n}{}% 30
\BOOKMARK [1][-]{section*.4}{\376\377\000R\000e\000f\000e\000r\000e\000n\000c\000e\000s}{}% 31
